INFO [2021-06-02 10:34:06] $x
INFO [2021-06-02 10:34:06] set_list
INFO [2021-06-02 10:34:06] 
INFO [2021-06-02 10:34:06] $category.names
INFO [2021-06-02 10:34:06] c("CommongenesRayDRGvsRayBrainSCHeart", "CommongenesOurhDRGvsRayBrainSCHeart", 
INFO [2021-06-02 10:34:06]     "Commongenes(1stexpt)mDRGvs(2ndexpt)mDRG,BrainSCHeart", "CommongenesNoci4wvsCorticalMotorCardio", 
INFO [2021-06-02 10:34:06]     "CommongenesNoci8wvsCorticalMotorCardio")
INFO [2021-06-02 10:34:06] 
INFO [2021-06-02 10:34:06] $filename
INFO [2021-06-02 10:34:06] paste0(file_loc)
INFO [2021-06-02 10:34:06] 
INFO [2021-06-02 10:34:06] $output
INFO [2021-06-02 10:34:06] T
INFO [2021-06-02 10:34:06] 
INFO [2021-06-02 10:34:06] $main
INFO [2021-06-02 10:34:06] title
INFO [2021-06-02 10:34:06] 
INFO [2021-06-02 10:34:06] $imagetype
INFO [2021-06-02 10:34:06] [1] "tiff"
INFO [2021-06-02 10:34:06] 
INFO [2021-06-02 10:34:06] $height
INFO [2021-06-02 10:34:06] [1] 1000
INFO [2021-06-02 10:34:06] 
INFO [2021-06-02 10:34:06] $width
INFO [2021-06-02 10:34:06] [1] 1000
INFO [2021-06-02 10:34:06] 
INFO [2021-06-02 10:34:06] $resolution
INFO [2021-06-02 10:34:06] [1] 250
INFO [2021-06-02 10:34:06] 
INFO [2021-06-02 10:34:06] $compression
INFO [2021-06-02 10:34:06] [1] "lzw"
INFO [2021-06-02 10:34:06] 
INFO [2021-06-02 10:34:06] $lwd
INFO [2021-06-02 10:34:06] [1] 2
INFO [2021-06-02 10:34:06] 
INFO [2021-06-02 10:34:06] $lty
INFO [2021-06-02 10:34:06] [1] "blank"
INFO [2021-06-02 10:34:06] 
INFO [2021-06-02 10:34:06] $fill
INFO [2021-06-02 10:34:06] myCol
INFO [2021-06-02 10:34:06] 
INFO [2021-06-02 10:34:06] $cex
INFO [2021-06-02 10:34:06] [1] 0.6
INFO [2021-06-02 10:34:06] 
INFO [2021-06-02 10:34:06] $fontface
INFO [2021-06-02 10:34:06] [1] "bold"
INFO [2021-06-02 10:34:06] 
INFO [2021-06-02 10:34:06] $fontfamily
INFO [2021-06-02 10:34:06] [1] "sans"
INFO [2021-06-02 10:34:06] 
INFO [2021-06-02 10:34:06] $cat.cex
INFO [2021-06-02 10:34:06] [1] 0.5
INFO [2021-06-02 10:34:06] 
INFO [2021-06-02 10:34:06] $cat.fontface
INFO [2021-06-02 10:34:06] [1] "bold"
INFO [2021-06-02 10:34:06] 
INFO [2021-06-02 10:34:06] $cat.default.pos
INFO [2021-06-02 10:34:06] [1] "outer"
INFO [2021-06-02 10:34:06] 
INFO [2021-06-02 10:34:06] $cat.fontfamily
INFO [2021-06-02 10:34:06] [1] "sans"
INFO [2021-06-02 10:34:06] 
INFO [2021-06-02 10:34:06] [[21]]
INFO [2021-06-02 10:34:06] 
INFO [2021-06-02 10:34:06] 
