INFO [2021-06-02 10:34:05] $x
INFO [2021-06-02 10:34:05] set_list
INFO [2021-06-02 10:34:05] 
INFO [2021-06-02 10:34:05] $category.names
INFO [2021-06-02 10:34:05] c("CommongenesRayDRGvsRayBrainSCHeart", "CommongenesOurhDRGvsRayBrainSCHeart", 
INFO [2021-06-02 10:34:05]     "Commongenes(1stexpt)mDRGvs(2ndexpt)mDRG,BrainSCHeart", "CommongenesNoci4wvsCorticalMotorCardio", 
INFO [2021-06-02 10:34:05]     "CommongenesNoci8wvsCorticalMotorCardio")
INFO [2021-06-02 10:34:05] 
INFO [2021-06-02 10:34:05] $filename
INFO [2021-06-02 10:34:05] paste0(file_loc)
INFO [2021-06-02 10:34:05] 
INFO [2021-06-02 10:34:05] $output
INFO [2021-06-02 10:34:05] T
INFO [2021-06-02 10:34:05] 
INFO [2021-06-02 10:34:05] $main
INFO [2021-06-02 10:34:05] title
INFO [2021-06-02 10:34:05] 
INFO [2021-06-02 10:34:05] $imagetype
INFO [2021-06-02 10:34:05] [1] "tiff"
INFO [2021-06-02 10:34:05] 
INFO [2021-06-02 10:34:05] $height
INFO [2021-06-02 10:34:05] [1] 1000
INFO [2021-06-02 10:34:05] 
INFO [2021-06-02 10:34:05] $width
INFO [2021-06-02 10:34:05] [1] 1000
INFO [2021-06-02 10:34:05] 
INFO [2021-06-02 10:34:05] $resolution
INFO [2021-06-02 10:34:05] [1] 250
INFO [2021-06-02 10:34:05] 
INFO [2021-06-02 10:34:05] $compression
INFO [2021-06-02 10:34:05] [1] "lzw"
INFO [2021-06-02 10:34:05] 
INFO [2021-06-02 10:34:05] $lwd
INFO [2021-06-02 10:34:05] [1] 2
INFO [2021-06-02 10:34:05] 
INFO [2021-06-02 10:34:05] $lty
INFO [2021-06-02 10:34:05] [1] "blank"
INFO [2021-06-02 10:34:05] 
INFO [2021-06-02 10:34:05] $fill
INFO [2021-06-02 10:34:05] myCol
INFO [2021-06-02 10:34:05] 
INFO [2021-06-02 10:34:05] $cex
INFO [2021-06-02 10:34:05] [1] 0.6
INFO [2021-06-02 10:34:05] 
INFO [2021-06-02 10:34:05] $fontface
INFO [2021-06-02 10:34:05] [1] "bold"
INFO [2021-06-02 10:34:05] 
INFO [2021-06-02 10:34:05] $fontfamily
INFO [2021-06-02 10:34:05] [1] "sans"
INFO [2021-06-02 10:34:05] 
INFO [2021-06-02 10:34:05] $cat.cex
INFO [2021-06-02 10:34:05] [1] 0.5
INFO [2021-06-02 10:34:05] 
INFO [2021-06-02 10:34:05] $cat.fontface
INFO [2021-06-02 10:34:05] [1] "bold"
INFO [2021-06-02 10:34:05] 
INFO [2021-06-02 10:34:05] $cat.default.pos
INFO [2021-06-02 10:34:05] [1] "outer"
INFO [2021-06-02 10:34:05] 
INFO [2021-06-02 10:34:05] $cat.fontfamily
INFO [2021-06-02 10:34:05] [1] "sans"
INFO [2021-06-02 10:34:05] 
INFO [2021-06-02 10:34:05] [[21]]
INFO [2021-06-02 10:34:05] 
INFO [2021-06-02 10:34:05] 
