INFO [2021-06-02 10:34:07] $x
INFO [2021-06-02 10:34:07] set_list
INFO [2021-06-02 10:34:07] 
INFO [2021-06-02 10:34:07] $category.names
INFO [2021-06-02 10:34:07] c("CommongenesRayDRGvsRayBrainSCHeart", "CommongenesOurhDRGvsRayBrainSCHeart", 
INFO [2021-06-02 10:34:07]     "Commongenes(1stexpt)mDRGvs(2ndexpt)mDRG,BrainSCHeart", "CommongenesNoci4wvsCorticalMotorCardio", 
INFO [2021-06-02 10:34:07]     "CommongenesNoci8wvsCorticalMotorCardio")
INFO [2021-06-02 10:34:07] 
INFO [2021-06-02 10:34:07] $filename
INFO [2021-06-02 10:34:07] paste0(file_loc)
INFO [2021-06-02 10:34:07] 
INFO [2021-06-02 10:34:07] $output
INFO [2021-06-02 10:34:07] T
INFO [2021-06-02 10:34:07] 
INFO [2021-06-02 10:34:07] $main
INFO [2021-06-02 10:34:07] title
INFO [2021-06-02 10:34:07] 
INFO [2021-06-02 10:34:07] $imagetype
INFO [2021-06-02 10:34:07] [1] "tiff"
INFO [2021-06-02 10:34:07] 
INFO [2021-06-02 10:34:07] $height
INFO [2021-06-02 10:34:07] [1] 1000
INFO [2021-06-02 10:34:07] 
INFO [2021-06-02 10:34:07] $width
INFO [2021-06-02 10:34:07] [1] 1000
INFO [2021-06-02 10:34:07] 
INFO [2021-06-02 10:34:07] $resolution
INFO [2021-06-02 10:34:07] [1] 250
INFO [2021-06-02 10:34:07] 
INFO [2021-06-02 10:34:07] $compression
INFO [2021-06-02 10:34:07] [1] "lzw"
INFO [2021-06-02 10:34:07] 
INFO [2021-06-02 10:34:07] $lwd
INFO [2021-06-02 10:34:07] [1] 2
INFO [2021-06-02 10:34:07] 
INFO [2021-06-02 10:34:07] $lty
INFO [2021-06-02 10:34:07] [1] "blank"
INFO [2021-06-02 10:34:07] 
INFO [2021-06-02 10:34:07] $fill
INFO [2021-06-02 10:34:07] myCol
INFO [2021-06-02 10:34:07] 
INFO [2021-06-02 10:34:07] $cex
INFO [2021-06-02 10:34:07] [1] 0.6
INFO [2021-06-02 10:34:07] 
INFO [2021-06-02 10:34:07] $fontface
INFO [2021-06-02 10:34:07] [1] "bold"
INFO [2021-06-02 10:34:07] 
INFO [2021-06-02 10:34:07] $fontfamily
INFO [2021-06-02 10:34:07] [1] "sans"
INFO [2021-06-02 10:34:07] 
INFO [2021-06-02 10:34:07] $cat.cex
INFO [2021-06-02 10:34:07] [1] 0.5
INFO [2021-06-02 10:34:07] 
INFO [2021-06-02 10:34:07] $cat.fontface
INFO [2021-06-02 10:34:07] [1] "bold"
INFO [2021-06-02 10:34:07] 
INFO [2021-06-02 10:34:07] $cat.default.pos
INFO [2021-06-02 10:34:07] [1] "outer"
INFO [2021-06-02 10:34:07] 
INFO [2021-06-02 10:34:07] $cat.fontfamily
INFO [2021-06-02 10:34:07] [1] "sans"
INFO [2021-06-02 10:34:07] 
INFO [2021-06-02 10:34:07] [[21]]
INFO [2021-06-02 10:34:07] 
INFO [2021-06-02 10:34:07] 
